<?xml version="1.0" encoding="UTF-8"?>
<!-- Generated by org.testng.reporters.JUnitReportReporter -->
<testsuite hostname="DESKTOP-UV9SVN8" failures="0" tests="3" name="RunTest.TestClass" time="112.088" errors="0" timestamp="2021-03-15T15:46:17 IST" skipped="0">
  <testcase classname="RunTest.TestClass" name="getHospitalNames" time="68.893"/>
  <system-out/>
  <testcase classname="RunTest.TestClass" name="Diagnosticpage" time="21.648"/>
  <system-out/>
  <testcase classname="RunTest.TestClass" name="CopWelleness" time="21.547"/>
  <system-out/>
</testsuite> <!-- RunTest.TestClass -->
